<?xml version="1.0" encoding="UTF-8"?>
<testng-results skipped="0" failed="0" total="1" passed="1">
  <reporter-output>
  </reporter-output>
  <suite name="Default suite" duration-ms="25210" started-at="2020-01-16T13:49:04Z" finished-at="2020-01-16T13:49:29Z">
    <groups>
    </groups>
    <test name="Default test" duration-ms="25210" started-at="2020-01-16T13:49:04Z" finished-at="2020-01-16T13:49:29Z">
      <class name="com.google.search.Google.TestGoogleSearch">
        <test-method status="PASS" signature="launch_Browser()[pri:0, instance:com.google.search.Google.TestGoogleSearch@18be83e4]" name="launch_Browser" is-config="true" duration-ms="5756" started-at="2020-01-16T19:19:04Z" finished-at="2020-01-16T19:19:10Z">
          <reporter-output>
          </reporter-output>
        </test-method> <!-- launch_Browser -->
        <test-method status="PASS" signature="enter_Url()[pri:0, instance:com.google.search.Google.TestGoogleSearch@18be83e4]" name="enter_Url" duration-ms="19418" started-at="2020-01-16T19:19:10Z" finished-at="2020-01-16T19:19:29Z">
          <reporter-output>
          </reporter-output>
        </test-method> <!-- enter_Url -->
      </class> <!-- com.google.search.Google.TestGoogleSearch -->
    </test> <!-- Default test -->
  </suite> <!-- Default suite -->
</testng-results>
